2019-03-09 00:21:23,326:robo:Time for importations ev3: 6.85454535484314s
2019-03-09 00:21:23,778:robo:Time for declarations: 0.4379730224609375s
2019-03-09 00:21:23,872:robo:rgbmax = [202, 204, 100]
2019-03-09 00:21:24,028:robo:rgbmax = [117, 134, 99]
2019-03-09 00:21:24,304:robo:rgbmax_dir = [202, 204, 100]
self.rgbmax_esq = [117, 134, 99]
2019-03-09 00:21:24,462:robo:rgbmax_dir = [202, 204, 100]
self.rgbmax_esq = [117, 134, 99]
2019-03-09 00:21:24,644:robo:rgbmax_dir = [202, 204, 100]
self.rgbmax_esq = [117, 134, 99]
2019-03-09 00:21:24,836:robo:rgbmax_dir = [202, 204, 100]
self.rgbmax_esq = [117, 134, 99]
2019-03-09 00:21:25,019:robo:rgbmax_dir = [202, 204, 100]
self.rgbmax_esq = [117, 134, 99]
2019-03-09 00:21:25,175:robo:rgbmax_dir = [202, 204, 100]
self.rgbmax_esq = [117, 134, 99]
2019-03-09 00:21:25,346:robo:rgbmax_dir = [202, 204, 100]
self.rgbmax_esq = [117, 134, 99]
2019-03-09 00:21:25,499:robo:rgbmax_dir = [202, 204, 100]
self.rgbmax_esq = [117, 134, 99]
2019-03-09 00:21:25,668:robo:rgbmax_dir = [202, 204, 100]
self.rgbmax_esq = [117, 134, 99]
2019-03-09 00:21:25,836:robo:rgbmax_dir = [202, 204, 100]
self.rgbmax_esq = [117, 134, 99]
2019-03-09 00:21:26,008:robo:rgbmax_dir = [202, 204, 100]
self.rgbmax_esq = [117, 134, 99]
2019-03-09 00:21:26,192:robo:rgbmax_dir = [202, 204, 100]
self.rgbmax_esq = [117, 134, 99]
2019-03-09 00:21:26,346:robo:rgbmax_dir = [202, 204, 100]
self.rgbmax_esq = [117, 134, 99]
2019-03-09 00:21:27,662:robo:Ta alinhando
2019-03-09 00:21:27,816:robo:rgbmax_dir = [202, 204, 100]
self.rgbmax_esq = [117, 134, 99]
2019-03-09 00:21:27,970:robo:rgbmax_dir = [202, 204, 100]
self.rgbmax_esq = [117, 134, 99]
2019-03-09 00:21:28,122:robo:rgbmax_dir = [202, 204, 100]
self.rgbmax_esq = [117, 134, 99]
2019-03-09 00:21:28,277:robo:rgbmax_dir = [202, 204, 100]
self.rgbmax_esq = [117, 134, 99]
2019-03-09 00:21:28,444:robo:rgbmax_dir = [202, 204, 100]
self.rgbmax_esq = [117, 134, 99]
2019-03-09 00:21:28,624:robo:rgbmax_dir = [202, 204, 100]
self.rgbmax_esq = [117, 134, 99]
2019-03-09 00:21:28,789:robo:rgbmax_dir = [202, 204, 100]
self.rgbmax_esq = [117, 134, 99]
2019-03-09 00:21:28,954:robo:rgbmax_dir = [202, 204, 100]
self.rgbmax_esq = [117, 134, 99]
2019-03-09 00:21:29,123:robo:rgbmax_dir = [202, 204, 100]
self.rgbmax_esq = [117, 134, 99]
2019-03-09 00:21:29,281:robo:rgbmax_dir = [202, 204, 100]
self.rgbmax_esq = [117, 134, 99]
2019-03-09 00:21:29,432:robo:rgbmax_dir = [202, 204, 100]
self.rgbmax_esq = [117, 134, 99]
2019-03-09 00:21:29,586:robo:rgbmax_dir = [202, 204, 100]
self.rgbmax_esq = [117, 134, 99]
2019-03-09 00:21:29,744:robo:rgbmax_dir = [202, 204, 100]
self.rgbmax_esq = [117, 134, 99]
2019-03-09 00:21:29,965:robo:rgbmax_dir = [202, 204, 100]
self.rgbmax_esq = [117, 134, 99]
2019-03-09 00:21:30,187:robo:rgbmax_dir = [202, 204, 100]
self.rgbmax_esq = [117, 134, 99]
2019-03-09 00:21:30,416:robo:rgbmax_dir = [202, 204, 100]
self.rgbmax_esq = [117, 134, 99]
2019-03-09 00:21:30,636:robo:rgbmax_dir = [202, 204, 100]
self.rgbmax_esq = [117, 134, 99]
2019-03-09 00:21:30,857:robo:rgbmax_dir = [202, 204, 100]
self.rgbmax_esq = [117, 134, 99]
2019-03-09 00:21:31,077:robo:rgbmax_dir = [202, 204, 100]
self.rgbmax_esq = [117, 134, 99]
2019-03-09 00:21:31,294:robo:rgbmax_dir = [202, 204, 100]
self.rgbmax_esq = [117, 134, 99]
2019-03-09 00:21:31,516:robo:rgbmax_dir = [202, 204, 100]
self.rgbmax_esq = [117, 134, 99]
2019-03-09 00:21:31,736:robo:rgbmax_dir = [202, 204, 100]
self.rgbmax_esq = [117, 134, 99]
2019-03-09 00:21:31,958:robo:rgbmax_dir = [202, 204, 100]
self.rgbmax_esq = [117, 134, 99]
2019-03-09 00:21:32,186:robo:rgbmax_dir = [202, 204, 100]
self.rgbmax_esq = [117, 134, 99]
2019-03-09 00:21:32,409:robo:rgbmax_dir = [202, 204, 100]
self.rgbmax_esq = [117, 134, 99]
2019-03-09 00:21:32,635:robo:rgbmax_dir = [202, 204, 100]
self.rgbmax_esq = [117, 134, 99]
2019-03-09 00:21:32,854:robo:rgbmax_dir = [202, 204, 100]
self.rgbmax_esq = [117, 134, 99]
2019-03-09 00:21:33,072:robo:rgbmax_dir = [202, 204, 100]
self.rgbmax_esq = [117, 134, 99]
2019-03-09 00:21:33,298:robo:rgbmax_dir = [202, 204, 100]
self.rgbmax_esq = [117, 134, 99]
2019-03-09 00:21:33,519:robo:rgbmax_dir = [202, 204, 100]
self.rgbmax_esq = [117, 134, 99]
2019-03-09 00:21:33,769:robo:rgbmax_dir = [202, 204, 100]
self.rgbmax_esq = [117, 134, 99]
2019-03-09 00:21:34,230:robo:rgbmax_dir = [202, 204, 100]
self.rgbmax_esq = [117, 134, 99]
2019-03-09 00:21:34,385:robo:rgbmax_dir = [202, 204, 100]
self.rgbmax_esq = [117, 134, 99]
2019-03-09 00:21:34,398:robo:cor_dir = branco, cor_esq = semcor
2019-03-09 00:21:37,374:robo:Ta alinhando
2019-03-09 00:21:37,531:robo:rgbmax_dir = [202, 204, 100]
self.rgbmax_esq = [117, 134, 99]
2019-03-09 00:21:37,688:robo:rgbmax_dir = [202, 204, 100]
self.rgbmax_esq = [117, 134, 99]
2019-03-09 00:21:37,842:robo:rgbmax_dir = [202, 204, 100]
self.rgbmax_esq = [117, 134, 99]
2019-03-09 00:21:37,994:robo:rgbmax_dir = [202, 204, 100]
self.rgbmax_esq = [117, 134, 99]
2019-03-09 00:21:38,160:robo:rgbmax_dir = [202, 204, 100]
self.rgbmax_esq = [117, 134, 99]
2019-03-09 00:21:38,312:robo:rgbmax_dir = [202, 204, 100]
self.rgbmax_esq = [117, 134, 99]
2019-03-09 00:21:38,477:robo:rgbmax_dir = [202, 204, 100]
self.rgbmax_esq = [117, 134, 99]
2019-03-09 00:21:38,630:robo:rgbmax_dir = [202, 204, 100]
self.rgbmax_esq = [117, 134, 99]
2019-03-09 00:21:38,822:robo:rgbmax_dir = [202, 204, 100]
self.rgbmax_esq = [117, 134, 99]
2019-03-09 00:21:38,980:robo:rgbmax_dir = [202, 204, 100]
self.rgbmax_esq = [117, 134, 99]
2019-03-09 00:21:39,146:robo:rgbmax_dir = [202, 204, 100]
self.rgbmax_esq = [117, 134, 99]
2019-03-09 00:21:39,299:robo:rgbmax_dir = [202, 204, 100]
self.rgbmax_esq = [117, 134, 99]
2019-03-09 00:21:39,462:robo:rgbmax_dir = [202, 204, 100]
self.rgbmax_esq = [117, 134, 99]
2019-03-09 00:21:39,616:robo:rgbmax_dir = [202, 204, 100]
self.rgbmax_esq = [117, 134, 99]
2019-03-09 00:21:39,788:robo:rgbmax_dir = [202, 204, 100]
self.rgbmax_esq = [117, 134, 99]
2019-03-09 00:21:39,941:robo:rgbmax_dir = [202, 204, 100]
self.rgbmax_esq = [117, 134, 99]
2019-03-09 00:21:40,117:robo:rgbmax_dir = [202, 204, 100]
self.rgbmax_esq = [117, 134, 99]
2019-03-09 00:21:40,272:robo:rgbmax_dir = [202, 204, 100]
self.rgbmax_esq = [117, 134, 99]
2019-03-09 00:21:40,436:robo:rgbmax_dir = [202, 204, 100]
self.rgbmax_esq = [117, 134, 99]
2019-03-09 00:21:40,618:robo:rgbmax_dir = [202, 204, 100]
self.rgbmax_esq = [117, 134, 99]
2019-03-09 00:21:40,788:robo:rgbmax_dir = [202, 204, 100]
self.rgbmax_esq = [117, 134, 99]
2019-03-09 00:21:40,938:robo:rgbmax_dir = [202, 204, 100]
self.rgbmax_esq = [117, 134, 99]
2019-03-09 00:21:40,952:robo:cor_dir = branco, cor_esq = branco
2019-03-09 00:23:22,880:robo:rgbmax_dir = [202, 204, 100]
self.rgbmax_esq = [117, 134, 99]
2019-03-09 00:23:23,036:robo:rgbmax_dir = [202, 204, 100]
self.rgbmax_esq = [117, 134, 99]
2019-03-09 00:23:23,192:robo:rgbmax_dir = [202, 204, 100]
self.rgbmax_esq = [117, 134, 99]
2019-03-09 00:23:54,264:robo:Time for importations ev3: 10.068337440490723s
2019-03-09 00:23:54,798:robo:Time for declarations: 0.5136103630065918s
2019-03-09 00:23:54,858:robo:rgbmax = [86, 52, 17]
2019-03-09 00:23:54,911:robo:rgbmax = [45, 34, 13]
2019-03-09 00:23:55,077:robo:rgbmax_dir = [86, 52, 17]
self.rgbmax_esq = [45, 34, 13]
2019-03-09 00:23:55,228:robo:rgbmax_dir = [86, 52, 17]
self.rgbmax_esq = [45, 34, 13]
2019-03-09 00:23:55,405:robo:rgbmax_dir = [86, 52, 17]
self.rgbmax_esq = [45, 34, 13]
2019-03-09 00:23:55,560:robo:rgbmax_dir = [86, 52, 17]
self.rgbmax_esq = [45, 34, 13]
2019-03-09 00:23:55,722:robo:rgbmax_dir = [86, 52, 17]
self.rgbmax_esq = [45, 34, 13]
2019-03-09 00:23:55,877:robo:rgbmax_dir = [86, 52, 17]
self.rgbmax_esq = [45, 34, 13]
2019-03-09 00:23:56,044:robo:rgbmax_dir = [86, 52, 17]
self.rgbmax_esq = [45, 34, 13]
2019-03-09 00:23:56,198:robo:rgbmax_dir = [86, 52, 17]
self.rgbmax_esq = [45, 34, 13]
2019-03-09 00:23:56,362:robo:rgbmax_dir = [86, 52, 17]
self.rgbmax_esq = [45, 34, 13]
2019-03-09 00:23:56,519:robo:rgbmax_dir = [86, 52, 17]
self.rgbmax_esq = [45, 34, 13]
2019-03-09 00:23:56,689:robo:rgbmax_dir = [86, 52, 17]
self.rgbmax_esq = [45, 34, 13]
2019-03-09 00:23:56,839:robo:rgbmax_dir = [86, 52, 17]
self.rgbmax_esq = [45, 34, 13]
2019-03-09 00:23:57,006:robo:rgbmax_dir = [86, 52, 17]
self.rgbmax_esq = [45, 34, 13]
2019-03-09 00:23:57,159:robo:rgbmax_dir = [86, 52, 17]
self.rgbmax_esq = [45, 34, 13]
2019-03-09 00:26:46,567:robo:Time for importations ev3: 7.805062770843506s
2019-03-09 00:26:47,100:robo:Time for declarations: 0.511751651763916s
2019-03-09 00:26:47,162:robo:rgbmax = [204, 205, 102]
2019-03-09 00:26:47,201:robo:rgbmax = [96, 113, 82]
2019-03-09 00:26:47,368:robo:rgbmax_dir = [204, 205, 102]
self.rgbmax_esq = [96, 113, 82]
2019-03-09 00:26:47,526:robo:rgbmax_dir = [204, 205, 102]
self.rgbmax_esq = [96, 113, 82]
2019-03-09 00:26:47,701:robo:rgbmax_dir = [204, 205, 102]
self.rgbmax_esq = [96, 113, 82]
2019-03-09 00:26:47,860:robo:rgbmax_dir = [204, 205, 102]
self.rgbmax_esq = [96, 113, 82]
2019-03-09 00:26:48,026:robo:rgbmax_dir = [204, 205, 102]
self.rgbmax_esq = [96, 113, 82]
2019-03-09 00:26:48,180:robo:rgbmax_dir = [204, 205, 102]
self.rgbmax_esq = [96, 113, 82]
2019-03-09 00:26:48,346:robo:rgbmax_dir = [204, 205, 102]
self.rgbmax_esq = [96, 113, 82]
2019-03-09 00:26:48,500:robo:rgbmax_dir = [204, 205, 102]
self.rgbmax_esq = [96, 113, 82]
2019-03-09 00:26:48,670:robo:rgbmax_dir = [204, 205, 102]
self.rgbmax_esq = [96, 113, 82]
2019-03-09 00:26:48,826:robo:rgbmax_dir = [204, 205, 102]
self.rgbmax_esq = [96, 113, 82]
2019-03-09 00:26:48,992:robo:rgbmax_dir = [204, 205, 102]
self.rgbmax_esq = [96, 113, 82]
2019-03-09 00:26:49,145:robo:rgbmax_dir = [204, 205, 102]
self.rgbmax_esq = [96, 113, 82]
2019-03-09 00:26:49,314:robo:rgbmax_dir = [204, 205, 102]
self.rgbmax_esq = [96, 113, 82]
2019-03-09 00:26:49,476:robo:rgbmax_dir = [204, 205, 102]
self.rgbmax_esq = [96, 113, 82]
2019-03-09 00:26:49,640:robo:rgbmax_dir = [204, 205, 102]
self.rgbmax_esq = [96, 113, 82]
2019-03-09 00:26:49,795:robo:rgbmax_dir = [204, 205, 102]
self.rgbmax_esq = [96, 113, 82]
2019-03-09 00:26:49,960:robo:rgbmax_dir = [204, 205, 102]
self.rgbmax_esq = [96, 113, 82]
2019-03-09 00:26:50,114:robo:rgbmax_dir = [204, 205, 102]
self.rgbmax_esq = [96, 113, 82]
2019-03-09 00:26:50,280:robo:rgbmax_dir = [204, 205, 102]
self.rgbmax_esq = [96, 113, 82]
2019-03-09 00:26:50,438:robo:rgbmax_dir = [204, 205, 102]
self.rgbmax_esq = [96, 113, 82]
2019-03-09 00:26:50,604:robo:rgbmax_dir = [204, 205, 102]
self.rgbmax_esq = [96, 113, 82]
2019-03-09 00:26:50,759:robo:rgbmax_dir = [204, 205, 102]
self.rgbmax_esq = [96, 113, 82]
2019-03-09 00:26:50,925:robo:rgbmax_dir = [204, 205, 102]
self.rgbmax_esq = [96, 113, 82]
2019-03-09 00:26:51,094:robo:rgbmax_dir = [204, 205, 102]
self.rgbmax_esq = [96, 113, 82]
2019-03-09 00:26:51,262:robo:rgbmax_dir = [204, 205, 102]
self.rgbmax_esq = [96, 113, 82]
2019-03-09 00:26:51,442:robo:rgbmax_dir = [204, 205, 102]
self.rgbmax_esq = [96, 113, 82]
2019-03-09 00:26:51,602:robo:rgbmax_dir = [204, 205, 102]
self.rgbmax_esq = [96, 113, 82]
2019-03-09 00:26:52,944:robo:Ta alinhando
2019-03-09 00:26:53,174:robo:rgbmax_dir = [204, 205, 102]
self.rgbmax_esq = [96, 113, 82]
2019-03-09 00:26:53,366:robo:rgbmax_dir = [204, 205, 102]
self.rgbmax_esq = [96, 113, 82]
2019-03-09 00:26:53,520:robo:rgbmax_dir = [204, 205, 102]
self.rgbmax_esq = [96, 113, 82]
2019-03-09 00:26:53,678:robo:rgbmax_dir = [204, 205, 102]
self.rgbmax_esq = [96, 113, 82]
2019-03-09 00:26:53,867:robo:rgbmax_dir = [204, 205, 102]
self.rgbmax_esq = [96, 113, 82]
2019-03-09 00:26:54,046:robo:rgbmax_dir = [204, 205, 102]
self.rgbmax_esq = [96, 113, 82]
2019-03-09 00:26:54,214:robo:rgbmax_dir = [204, 205, 102]
self.rgbmax_esq = [96, 113, 82]
2019-03-09 00:26:54,369:robo:rgbmax_dir = [204, 205, 102]
self.rgbmax_esq = [96, 113, 82]
2019-03-09 00:26:54,544:robo:rgbmax_dir = [204, 205, 102]
self.rgbmax_esq = [96, 113, 82]
2019-03-09 00:26:54,698:robo:rgbmax_dir = [204, 205, 102]
self.rgbmax_esq = [96, 113, 82]
2019-03-09 00:26:54,850:robo:rgbmax_dir = [204, 205, 102]
self.rgbmax_esq = [96, 113, 82]
2019-03-09 00:26:55,010:robo:rgbmax_dir = [204, 205, 102]
self.rgbmax_esq = [96, 113, 82]
2019-03-09 00:26:55,163:robo:rgbmax_dir = [204, 205, 102]
self.rgbmax_esq = [96, 113, 82]
2019-03-09 00:26:55,380:robo:rgbmax_dir = [204, 205, 102]
self.rgbmax_esq = [96, 113, 82]
2019-03-09 00:26:55,599:robo:rgbmax_dir = [204, 205, 102]
self.rgbmax_esq = [96, 113, 82]
2019-03-09 00:26:55,818:robo:rgbmax_dir = [204, 205, 102]
self.rgbmax_esq = [96, 113, 82]
2019-03-09 00:26:56,042:robo:rgbmax_dir = [204, 205, 102]
self.rgbmax_esq = [96, 113, 82]
2019-03-09 00:26:56,264:robo:rgbmax_dir = [204, 205, 102]
self.rgbmax_esq = [96, 113, 82]
2019-03-09 00:26:56,492:robo:rgbmax_dir = [204, 205, 102]
self.rgbmax_esq = [96, 113, 82]
2019-03-09 00:26:56,717:robo:rgbmax_dir = [204, 205, 102]
self.rgbmax_esq = [96, 113, 82]
2019-03-09 00:26:56,982:robo:rgbmax_dir = [204, 205, 102]
self.rgbmax_esq = [96, 113, 82]
2019-03-09 00:26:57,202:robo:rgbmax_dir = [204, 205, 102]
self.rgbmax_esq = [96, 113, 82]
2019-03-09 00:26:57,421:robo:rgbmax_dir = [204, 205, 102]
self.rgbmax_esq = [96, 113, 82]
2019-03-09 00:26:57,649:robo:rgbmax_dir = [204, 205, 102]
self.rgbmax_esq = [96, 113, 82]
2019-03-09 00:26:57,870:robo:rgbmax_dir = [204, 205, 102]
self.rgbmax_esq = [96, 113, 82]
2019-03-09 00:26:58,092:robo:rgbmax_dir = [204, 205, 102]
self.rgbmax_esq = [96, 113, 82]
2019-03-09 00:26:58,314:robo:rgbmax_dir = [204, 205, 102]
self.rgbmax_esq = [96, 113, 82]
2019-03-09 00:26:58,534:robo:rgbmax_dir = [204, 205, 102]
self.rgbmax_esq = [96, 113, 82]
2019-03-09 00:26:58,768:robo:rgbmax_dir = [204, 205, 102]
self.rgbmax_esq = [96, 113, 82]
2019-03-09 00:26:58,987:robo:rgbmax_dir = [204, 205, 102]
self.rgbmax_esq = [96, 113, 82]
2019-03-09 00:26:59,205:robo:rgbmax_dir = [204, 205, 102]
self.rgbmax_esq = [96, 113, 82]
2019-03-09 00:26:59,428:robo:rgbmax_dir = [204, 205, 102]
self.rgbmax_esq = [96, 113, 82]
2019-03-09 00:26:59,877:robo:rgbmax_dir = [204, 205, 102]
self.rgbmax_esq = [96, 113, 82]
2019-03-09 00:27:00,036:robo:rgbmax_dir = [204, 205, 102]
self.rgbmax_esq = [96, 113, 82]
2019-03-09 00:27:00,051:robo:cor_dir = branco, cor_esq = semcor
2019-03-09 00:27:03,022:robo:Ta alinhando
2019-03-09 00:27:03,186:robo:rgbmax_dir = [204, 205, 102]
self.rgbmax_esq = [96, 113, 82]
2019-03-09 00:27:03,334:robo:rgbmax_dir = [204, 205, 102]
self.rgbmax_esq = [96, 113, 82]
2019-03-09 00:27:03,487:robo:rgbmax_dir = [204, 205, 102]
self.rgbmax_esq = [96, 113, 82]
2019-03-09 00:27:03,648:robo:rgbmax_dir = [204, 205, 102]
self.rgbmax_esq = [96, 113, 82]
2019-03-09 00:27:03,816:robo:rgbmax_dir = [204, 205, 102]
self.rgbmax_esq = [96, 113, 82]
2019-03-09 00:27:03,968:robo:rgbmax_dir = [204, 205, 102]
self.rgbmax_esq = [96, 113, 82]
2019-03-09 00:27:04,131:robo:rgbmax_dir = [204, 205, 102]
self.rgbmax_esq = [96, 113, 82]
2019-03-09 00:27:04,287:robo:rgbmax_dir = [204, 205, 102]
self.rgbmax_esq = [96, 113, 82]
2019-03-09 00:27:04,459:robo:rgbmax_dir = [204, 205, 102]
self.rgbmax_esq = [96, 113, 82]
2019-03-09 00:27:04,614:robo:rgbmax_dir = [204, 205, 102]
self.rgbmax_esq = [96, 113, 82]
2019-03-09 00:27:04,769:robo:rgbmax_dir = [204, 205, 102]
self.rgbmax_esq = [96, 113, 82]
2019-03-09 00:27:04,918:robo:rgbmax_dir = [204, 205, 102]
self.rgbmax_esq = [96, 113, 82]
2019-03-09 00:27:05,071:robo:rgbmax_dir = [204, 205, 102]
self.rgbmax_esq = [96, 113, 82]
2019-03-09 00:27:05,316:robo:rgbmax_dir = [204, 205, 102]
self.rgbmax_esq = [96, 113, 82]
2019-03-09 00:27:05,556:robo:rgbmax_dir = [204, 205, 102]
self.rgbmax_esq = [96, 113, 82]
2019-03-09 00:27:05,794:robo:rgbmax_dir = [204, 205, 102]
self.rgbmax_esq = [96, 113, 82]
2019-03-09 00:27:06,031:robo:rgbmax_dir = [204, 205, 102]
self.rgbmax_esq = [96, 113, 82]
2019-03-09 00:27:06,267:robo:rgbmax_dir = [204, 205, 102]
self.rgbmax_esq = [96, 113, 82]
2019-03-09 00:27:06,507:robo:rgbmax_dir = [204, 205, 102]
self.rgbmax_esq = [96, 113, 82]
2019-03-09 00:27:06,746:robo:rgbmax_dir = [204, 205, 102]
self.rgbmax_esq = [96, 113, 82]
2019-03-09 00:27:06,986:robo:rgbmax_dir = [204, 205, 102]
self.rgbmax_esq = [96, 113, 82]
2019-03-09 00:27:07,225:robo:rgbmax_dir = [204, 205, 102]
self.rgbmax_esq = [96, 113, 82]
2019-03-09 00:27:07,468:robo:rgbmax_dir = [204, 205, 102]
self.rgbmax_esq = [96, 113, 82]
2019-03-09 00:27:08,152:robo:rgbmax_dir = [204, 205, 102]
self.rgbmax_esq = [96, 113, 82]
2019-03-09 00:27:08,336:robo:rgbmax_dir = [204, 205, 102]
self.rgbmax_esq = [96, 113, 82]
2019-03-09 00:27:08,351:robo:cor_dir = preto, cor_esq = vermelho
2019-03-09 00:27:11,259:robo:rgbmax_dir = [204, 205, 102]
self.rgbmax_esq = [96, 113, 82]
2019-03-09 00:27:11,414:robo:rgbmax_dir = [204, 205, 102]
self.rgbmax_esq = [96, 113, 82]
2019-03-09 00:27:13,166:robo:rgbmax_dir = [204, 205, 102]
self.rgbmax_esq = [96, 113, 82]
2019-03-09 00:27:13,357:robo:rgbmax_dir = [204, 205, 102]
self.rgbmax_esq = [96, 113, 82]
2019-03-09 00:27:13,520:robo:rgbmax_dir = [204, 205, 102]
self.rgbmax_esq = [96, 113, 82]
2019-03-09 00:27:13,691:robo:rgbmax_dir = [204, 205, 102]
self.rgbmax_esq = [96, 113, 82]
2019-03-09 00:27:13,858:robo:rgbmax_dir = [204, 205, 102]
self.rgbmax_esq = [96, 113, 82]
2019-03-09 00:27:14,027:robo:rgbmax_dir = [204, 205, 102]
self.rgbmax_esq = [96, 113, 82]
2019-03-09 00:27:14,194:robo:rgbmax_dir = [204, 205, 102]
self.rgbmax_esq = [96, 113, 82]
2019-03-09 00:27:14,362:robo:rgbmax_dir = [204, 205, 102]
self.rgbmax_esq = [96, 113, 82]
2019-03-09 00:27:14,525:robo:rgbmax_dir = [204, 205, 102]
self.rgbmax_esq = [96, 113, 82]
2019-03-09 00:27:14,694:robo:rgbmax_dir = [204, 205, 102]
self.rgbmax_esq = [96, 113, 82]
2019-03-09 00:27:14,860:robo:rgbmax_dir = [204, 205, 102]
self.rgbmax_esq = [96, 113, 82]
2019-03-09 00:27:15,030:robo:rgbmax_dir = [204, 205, 102]
self.rgbmax_esq = [96, 113, 82]
2019-03-09 00:27:15,199:robo:rgbmax_dir = [204, 205, 102]
self.rgbmax_esq = [96, 113, 82]
2019-03-09 00:27:15,364:robo:rgbmax_dir = [204, 205, 102]
self.rgbmax_esq = [96, 113, 82]
2019-03-09 00:27:15,528:robo:rgbmax_dir = [204, 205, 102]
self.rgbmax_esq = [96, 113, 82]
2019-03-09 00:27:15,704:robo:rgbmax_dir = [204, 205, 102]
self.rgbmax_esq = [96, 113, 82]
2019-03-09 00:27:15,870:robo:rgbmax_dir = [204, 205, 102]
self.rgbmax_esq = [96, 113, 82]
2019-03-09 00:27:16,035:robo:rgbmax_dir = [204, 205, 102]
self.rgbmax_esq = [96, 113, 82]
2019-03-09 00:27:16,187:robo:rgbmax_dir = [204, 205, 102]
self.rgbmax_esq = [96, 113, 82]
2019-03-09 00:27:16,702:robo:Ta alinhando
2019-03-09 00:27:16,856:robo:rgbmax_dir = [204, 205, 102]
self.rgbmax_esq = [96, 113, 82]
2019-03-09 00:27:17,012:robo:rgbmax_dir = [204, 205, 102]
self.rgbmax_esq = [96, 113, 82]
2019-03-09 00:27:17,197:robo:rgbmax_dir = [204, 205, 102]
self.rgbmax_esq = [96, 113, 82]
2019-03-09 00:27:17,356:robo:rgbmax_dir = [204, 205, 102]
self.rgbmax_esq = [96, 113, 82]
2019-03-09 00:27:17,518:robo:rgbmax_dir = [204, 205, 102]
self.rgbmax_esq = [96, 113, 82]
2019-03-09 00:27:17,675:robo:rgbmax_dir = [204, 205, 102]
self.rgbmax_esq = [96, 113, 82]
2019-03-09 00:27:17,838:robo:rgbmax_dir = [204, 205, 102]
self.rgbmax_esq = [96, 113, 82]
2019-03-09 00:27:18,008:robo:rgbmax_dir = [204, 205, 102]
self.rgbmax_esq = [96, 113, 82]
2019-03-09 00:27:18,174:robo:rgbmax_dir = [204, 205, 102]
self.rgbmax_esq = [96, 113, 82]
2019-03-09 00:27:18,353:robo:rgbmax_dir = [204, 205, 102]
self.rgbmax_esq = [96, 113, 82]
2019-03-09 00:27:18,530:robo:rgbmax_dir = [204, 205, 102]
self.rgbmax_esq = [96, 113, 82]
2019-03-09 00:27:18,686:robo:rgbmax_dir = [204, 205, 102]
self.rgbmax_esq = [96, 113, 82]
2019-03-09 00:27:18,870:robo:rgbmax_dir = [204, 205, 102]
self.rgbmax_esq = [96, 113, 82]
2019-03-09 00:27:19,021:robo:rgbmax_dir = [204, 205, 102]
self.rgbmax_esq = [96, 113, 82]
2019-03-09 00:27:19,178:robo:rgbmax_dir = [204, 205, 102]
self.rgbmax_esq = [96, 113, 82]
2019-03-09 00:27:19,416:robo:rgbmax_dir = [204, 205, 102]
self.rgbmax_esq = [96, 113, 82]
2019-03-09 00:27:19,656:robo:rgbmax_dir = [204, 205, 102]
self.rgbmax_esq = [96, 113, 82]
2019-03-09 00:27:19,896:robo:rgbmax_dir = [204, 205, 102]
self.rgbmax_esq = [96, 113, 82]
2019-03-09 00:27:20,144:robo:rgbmax_dir = [204, 205, 102]
self.rgbmax_esq = [96, 113, 82]
2019-03-09 00:27:20,388:robo:rgbmax_dir = [204, 205, 102]
self.rgbmax_esq = [96, 113, 82]
2019-03-09 00:27:20,630:robo:rgbmax_dir = [204, 205, 102]
self.rgbmax_esq = [96, 113, 82]
2019-03-09 00:27:20,875:robo:rgbmax_dir = [204, 205, 102]
self.rgbmax_esq = [96, 113, 82]
2019-03-09 00:27:21,591:robo:rgbmax_dir = [204, 205, 102]
self.rgbmax_esq = [96, 113, 82]
2019-03-09 00:27:21,747:robo:rgbmax_dir = [204, 205, 102]
self.rgbmax_esq = [96, 113, 82]
2019-03-09 00:27:21,762:robo:cor_dir = vermelho, cor_esq = vermelho
2019-03-09 00:37:26,094:robo:Time for importations ev3: 8.172594785690308s
2019-03-09 00:37:26,626:robo:Time for declarations: 0.5073151588439941s
2019-03-09 00:37:26,684:robo:rgbmax = [175, 185, 91]
2019-03-09 00:37:26,721:robo:rgbmax = [99, 117, 84]
2019-03-09 00:37:26,888:robo:rgbmax_dir = [175, 185, 91]
self.rgbmax_esq = [99, 117, 84]
2019-03-09 00:37:27,038:robo:rgbmax_dir = [175, 185, 91]
self.rgbmax_esq = [99, 117, 84]
2019-03-09 00:37:27,469:robo:rgbmax_dir = [175, 185, 91]
self.rgbmax_esq = [99, 117, 84]
2019-03-09 00:37:27,898:robo:rgbmax_dir = [175, 185, 91]
self.rgbmax_esq = [99, 117, 84]
2019-03-09 00:37:28,226:robo:rgbmax_dir = [175, 185, 91]
self.rgbmax_esq = [99, 117, 84]
2019-03-09 00:37:28,667:robo:rgbmax_dir = [175, 185, 91]
self.rgbmax_esq = [99, 117, 84]
2019-03-09 00:37:29,156:robo:rgbmax_dir = [175, 185, 91]
self.rgbmax_esq = [99, 117, 84]
2019-03-09 00:37:29,674:robo:rgbmax_dir = [175, 185, 91]
self.rgbmax_esq = [99, 117, 84]
2019-03-09 00:37:30,298:robo:rgbmax_dir = [175, 185, 91]
self.rgbmax_esq = [99, 117, 84]
2019-03-09 00:37:30,774:robo:rgbmax_dir = [175, 185, 91]
self.rgbmax_esq = [99, 117, 84]
2019-03-09 00:37:31,244:robo:rgbmax_dir = [175, 185, 91]
self.rgbmax_esq = [99, 117, 84]
2019-03-09 00:37:31,582:robo:rgbmax_dir = [175, 185, 91]
self.rgbmax_esq = [99, 117, 84]
2019-03-09 00:37:31,858:robo:rgbmax_dir = [175, 185, 91]
self.rgbmax_esq = [99, 117, 84]
2019-03-09 00:37:32,014:robo:rgbmax_dir = [175, 185, 91]
self.rgbmax_esq = [99, 117, 84]
2019-03-09 00:37:33,312:robo:Ta alinhando
2019-03-09 00:37:33,468:robo:rgbmax_dir = [175, 185, 91]
self.rgbmax_esq = [99, 117, 84]
2019-03-09 00:37:33,654:robo:rgbmax_dir = [175, 185, 91]
self.rgbmax_esq = [99, 117, 84]
2019-03-09 00:37:33,857:robo:rgbmax_dir = [175, 185, 91]
self.rgbmax_esq = [99, 117, 84]
2019-03-09 00:37:34,047:robo:rgbmax_dir = [175, 185, 91]
self.rgbmax_esq = [99, 117, 84]
2019-03-09 00:37:34,216:robo:rgbmax_dir = [175, 185, 91]
self.rgbmax_esq = [99, 117, 84]
2019-03-09 00:37:34,371:robo:rgbmax_dir = [175, 185, 91]
self.rgbmax_esq = [99, 117, 84]
2019-03-09 00:37:34,544:robo:rgbmax_dir = [175, 185, 91]
self.rgbmax_esq = [99, 117, 84]
2019-03-09 00:37:34,696:robo:rgbmax_dir = [175, 185, 91]
self.rgbmax_esq = [99, 117, 84]
2019-03-09 00:37:34,849:robo:rgbmax_dir = [175, 185, 91]
self.rgbmax_esq = [99, 117, 84]
2019-03-09 00:37:36,154:robo:rgbmax_dir = [175, 185, 91]
self.rgbmax_esq = [99, 117, 84]
2019-03-09 00:37:36,308:robo:rgbmax_dir = [175, 185, 91]
self.rgbmax_esq = [99, 117, 84]
2019-03-09 00:37:36,546:robo:rgbmax_dir = [175, 185, 91]
self.rgbmax_esq = [99, 117, 84]
2019-03-09 00:37:36,788:robo:rgbmax_dir = [175, 185, 91]
self.rgbmax_esq = [99, 117, 84]
2019-03-09 00:37:37,011:robo:rgbmax_dir = [175, 185, 91]
self.rgbmax_esq = [99, 117, 84]
2019-03-09 00:37:37,230:robo:rgbmax_dir = [175, 185, 91]
self.rgbmax_esq = [99, 117, 84]
2019-03-09 00:37:37,451:robo:rgbmax_dir = [175, 185, 91]
self.rgbmax_esq = [99, 117, 84]
2019-03-09 00:37:37,671:robo:rgbmax_dir = [175, 185, 91]
self.rgbmax_esq = [99, 117, 84]
2019-03-09 00:37:37,891:robo:rgbmax_dir = [175, 185, 91]
self.rgbmax_esq = [99, 117, 84]
2019-03-09 00:37:38,111:robo:rgbmax_dir = [175, 185, 91]
self.rgbmax_esq = [99, 117, 84]
2019-03-09 00:37:38,327:robo:rgbmax_dir = [175, 185, 91]
self.rgbmax_esq = [99, 117, 84]
2019-03-09 00:37:38,546:robo:rgbmax_dir = [175, 185, 91]
self.rgbmax_esq = [99, 117, 84]
2019-03-09 00:37:38,772:robo:rgbmax_dir = [175, 185, 91]
self.rgbmax_esq = [99, 117, 84]
2019-03-09 00:37:38,990:robo:rgbmax_dir = [175, 185, 91]
self.rgbmax_esq = [99, 117, 84]
2019-03-09 00:37:39,217:robo:rgbmax_dir = [175, 185, 91]
self.rgbmax_esq = [99, 117, 84]
2019-03-09 00:37:39,436:robo:rgbmax_dir = [175, 185, 91]
self.rgbmax_esq = [99, 117, 84]
2019-03-09 00:37:39,656:robo:rgbmax_dir = [175, 185, 91]
self.rgbmax_esq = [99, 117, 84]
2019-03-09 00:37:39,877:robo:rgbmax_dir = [175, 185, 91]
self.rgbmax_esq = [99, 117, 84]
2019-03-09 00:37:40,095:robo:rgbmax_dir = [175, 185, 91]
self.rgbmax_esq = [99, 117, 84]
2019-03-09 00:37:40,312:robo:rgbmax_dir = [175, 185, 91]
self.rgbmax_esq = [99, 117, 84]
2019-03-09 00:37:40,532:robo:rgbmax_dir = [175, 185, 91]
self.rgbmax_esq = [99, 117, 84]
2019-03-09 00:37:40,960:robo:rgbmax_dir = [175, 185, 91]
self.rgbmax_esq = [99, 117, 84]
2019-03-09 00:37:41,114:robo:rgbmax_dir = [175, 185, 91]
self.rgbmax_esq = [99, 117, 84]
2019-03-09 00:37:41,145:robo:cor_dir = branco, cor_esq = semcor
2019-03-09 00:37:44,040:robo:Ta alinhando
2019-03-09 00:37:44,199:robo:rgbmax_dir = [175, 185, 91]
self.rgbmax_esq = [99, 117, 84]
2019-03-09 00:37:44,352:robo:rgbmax_dir = [175, 185, 91]
self.rgbmax_esq = [99, 117, 84]
2019-03-09 00:37:44,502:robo:rgbmax_dir = [175, 185, 91]
self.rgbmax_esq = [99, 117, 84]
2019-03-09 00:37:44,652:robo:rgbmax_dir = [175, 185, 91]
self.rgbmax_esq = [99, 117, 84]
2019-03-09 00:37:44,814:robo:rgbmax_dir = [175, 185, 91]
self.rgbmax_esq = [99, 117, 84]
2019-03-09 00:37:44,966:robo:rgbmax_dir = [175, 185, 91]
self.rgbmax_esq = [99, 117, 84]
2019-03-09 00:37:45,128:robo:rgbmax_dir = [175, 185, 91]
self.rgbmax_esq = [99, 117, 84]
2019-03-09 00:37:45,280:robo:rgbmax_dir = [175, 185, 91]
self.rgbmax_esq = [99, 117, 84]
2019-03-09 00:37:45,454:robo:rgbmax_dir = [175, 185, 91]
self.rgbmax_esq = [99, 117, 84]
2019-03-09 00:37:45,609:robo:rgbmax_dir = [175, 185, 91]
self.rgbmax_esq = [99, 117, 84]
2019-03-09 00:37:45,760:robo:rgbmax_dir = [175, 185, 91]
self.rgbmax_esq = [99, 117, 84]
2019-03-09 00:37:45,917:robo:rgbmax_dir = [175, 185, 91]
self.rgbmax_esq = [99, 117, 84]
2019-03-09 00:37:46,070:robo:rgbmax_dir = [175, 185, 91]
self.rgbmax_esq = [99, 117, 84]
2019-03-09 00:37:46,316:robo:rgbmax_dir = [175, 185, 91]
self.rgbmax_esq = [99, 117, 84]
2019-03-09 00:37:46,576:robo:rgbmax_dir = [175, 185, 91]
self.rgbmax_esq = [99, 117, 84]
2019-03-09 00:37:46,816:robo:rgbmax_dir = [175, 185, 91]
self.rgbmax_esq = [99, 117, 84]
2019-03-09 00:37:47,056:robo:rgbmax_dir = [175, 185, 91]
self.rgbmax_esq = [99, 117, 84]
2019-03-09 00:37:47,289:robo:rgbmax_dir = [175, 185, 91]
self.rgbmax_esq = [99, 117, 84]
2019-03-09 00:37:47,524:robo:rgbmax_dir = [175, 185, 91]
self.rgbmax_esq = [99, 117, 84]
2019-03-09 00:37:47,761:robo:rgbmax_dir = [175, 185, 91]
self.rgbmax_esq = [99, 117, 84]
2019-03-09 00:37:48,002:robo:rgbmax_dir = [175, 185, 91]
self.rgbmax_esq = [99, 117, 84]
2019-03-09 00:37:48,239:robo:rgbmax_dir = [175, 185, 91]
self.rgbmax_esq = [99, 117, 84]
2019-03-09 00:37:48,482:robo:rgbmax_dir = [175, 185, 91]
self.rgbmax_esq = [99, 117, 84]
2019-03-09 00:37:49,186:robo:rgbmax_dir = [175, 185, 91]
self.rgbmax_esq = [99, 117, 84]
2019-03-09 00:37:49,338:robo:rgbmax_dir = [175, 185, 91]
self.rgbmax_esq = [99, 117, 84]
2019-03-09 00:37:49,352:robo:cor_dir = vermelho, cor_esq = vermelho
2019-03-09 00:37:52,234:robo:rgbmax_dir = [175, 185, 91]
self.rgbmax_esq = [99, 117, 84]
2019-03-09 00:37:52,394:robo:rgbmax_dir = [175, 185, 91]
self.rgbmax_esq = [99, 117, 84]
2019-03-09 00:37:54,132:robo:rgbmax_dir = [175, 185, 91]
self.rgbmax_esq = [99, 117, 84]
2019-03-09 00:37:54,298:robo:rgbmax_dir = [175, 185, 91]
self.rgbmax_esq = [99, 117, 84]
2019-03-09 00:37:54,460:robo:rgbmax_dir = [175, 185, 91]
self.rgbmax_esq = [99, 117, 84]
2019-03-09 00:37:54,624:robo:rgbmax_dir = [175, 185, 91]
self.rgbmax_esq = [99, 117, 84]
2019-03-09 00:37:54,789:robo:rgbmax_dir = [175, 185, 91]
self.rgbmax_esq = [99, 117, 84]
2019-03-09 00:37:54,951:robo:rgbmax_dir = [175, 185, 91]
self.rgbmax_esq = [99, 117, 84]
2019-03-09 00:37:55,118:robo:rgbmax_dir = [175, 185, 91]
self.rgbmax_esq = [99, 117, 84]
2019-03-09 00:37:55,285:robo:rgbmax_dir = [175, 185, 91]
self.rgbmax_esq = [99, 117, 84]
2019-03-09 00:37:55,448:robo:rgbmax_dir = [175, 185, 91]
self.rgbmax_esq = [99, 117, 84]
2019-03-09 00:37:55,619:robo:rgbmax_dir = [175, 185, 91]
self.rgbmax_esq = [99, 117, 84]
2019-03-09 00:37:55,784:robo:rgbmax_dir = [175, 185, 91]
self.rgbmax_esq = [99, 117, 84]
2019-03-09 00:37:55,950:robo:rgbmax_dir = [175, 185, 91]
self.rgbmax_esq = [99, 117, 84]
2019-03-09 00:37:56,117:robo:rgbmax_dir = [175, 185, 91]
self.rgbmax_esq = [99, 117, 84]
2019-03-09 00:37:56,287:robo:rgbmax_dir = [175, 185, 91]
self.rgbmax_esq = [99, 117, 84]
2019-03-09 00:37:56,450:robo:rgbmax_dir = [175, 185, 91]
self.rgbmax_esq = [99, 117, 84]
2019-03-09 00:37:56,614:robo:rgbmax_dir = [175, 185, 91]
self.rgbmax_esq = [99, 117, 84]
2019-03-09 00:37:56,792:robo:rgbmax_dir = [175, 185, 91]
self.rgbmax_esq = [99, 117, 84]
2019-03-09 00:37:56,956:robo:rgbmax_dir = [175, 185, 91]
self.rgbmax_esq = [99, 117, 84]
2019-03-09 00:37:57,107:robo:rgbmax_dir = [175, 185, 91]
self.rgbmax_esq = [99, 117, 84]
2019-03-09 00:37:57,612:robo:Ta alinhando
2019-03-09 00:37:57,789:robo:rgbmax_dir = [175, 185, 91]
self.rgbmax_esq = [99, 117, 84]
2019-03-09 00:37:57,940:robo:rgbmax_dir = [175, 185, 91]
self.rgbmax_esq = [99, 117, 84]
2019-03-09 00:37:58,093:robo:rgbmax_dir = [175, 185, 91]
self.rgbmax_esq = [99, 117, 84]
2019-03-09 00:37:58,246:robo:rgbmax_dir = [175, 185, 91]
self.rgbmax_esq = [99, 117, 84]
2019-03-09 00:37:58,416:robo:rgbmax_dir = [175, 185, 91]
self.rgbmax_esq = [99, 117, 84]
2019-03-09 00:37:58,573:robo:rgbmax_dir = [175, 185, 91]
self.rgbmax_esq = [99, 117, 84]
2019-03-09 00:37:58,737:robo:rgbmax_dir = [175, 185, 91]
self.rgbmax_esq = [99, 117, 84]
2019-03-09 00:37:58,888:robo:rgbmax_dir = [175, 185, 91]
self.rgbmax_esq = [99, 117, 84]
2019-03-09 00:37:59,051:robo:rgbmax_dir = [175, 185, 91]
self.rgbmax_esq = [99, 117, 84]
2019-03-09 00:37:59,204:robo:rgbmax_dir = [175, 185, 91]
self.rgbmax_esq = [99, 117, 84]
2019-03-09 00:37:59,372:robo:rgbmax_dir = [175, 185, 91]
self.rgbmax_esq = [99, 117, 84]
2019-03-09 00:37:59,526:robo:rgbmax_dir = [175, 185, 91]
self.rgbmax_esq = [99, 117, 84]
2019-03-09 00:37:59,678:robo:rgbmax_dir = [175, 185, 91]
self.rgbmax_esq = [99, 117, 84]
2019-03-09 00:37:59,827:robo:rgbmax_dir = [175, 185, 91]
self.rgbmax_esq = [99, 117, 84]
2019-03-09 00:37:59,981:robo:rgbmax_dir = [175, 185, 91]
self.rgbmax_esq = [99, 117, 84]
2019-03-09 00:38:00,218:robo:rgbmax_dir = [175, 185, 91]
self.rgbmax_esq = [99, 117, 84]
2019-03-09 00:38:00,460:robo:rgbmax_dir = [175, 185, 91]
self.rgbmax_esq = [99, 117, 84]
2019-03-09 00:38:00,699:robo:rgbmax_dir = [175, 185, 91]
self.rgbmax_esq = [99, 117, 84]
2019-03-09 00:38:00,938:robo:rgbmax_dir = [175, 185, 91]
self.rgbmax_esq = [99, 117, 84]
2019-03-09 00:38:01,177:robo:rgbmax_dir = [175, 185, 91]
self.rgbmax_esq = [99, 117, 84]
2019-03-09 00:38:01,416:robo:rgbmax_dir = [175, 185, 91]
self.rgbmax_esq = [99, 117, 84]
2019-03-09 00:38:01,659:robo:rgbmax_dir = [175, 185, 91]
self.rgbmax_esq = [99, 117, 84]
2019-03-09 00:38:02,377:robo:rgbmax_dir = [175, 185, 91]
self.rgbmax_esq = [99, 117, 84]
2019-03-09 00:38:02,528:robo:rgbmax_dir = [175, 185, 91]
self.rgbmax_esq = [99, 117, 84]
2019-03-09 00:38:02,546:robo:cor_dir = vermelho, cor_esq = vermelho
